<?xml version="1.0" encoding="UTF-8"?>
<testng-results ignored="0" total="1" passed="1" failed="0" skipped="0">
  <reporter-output>
  </reporter-output>
  <suite started-at="2023-08-03T21:11:29 IST" name="Default suite" finished-at="2023-08-03T21:11:29 IST" duration-ms="259">
    <groups>
    </groups>
    <test started-at="2023-08-03T21:11:29 IST" name="Default test" finished-at="2023-08-03T21:11:29 IST" duration-ms="259">
      <class name="Sample.Sample1">
        <test-method signature="sample()[pri:0, instance:Sample.Sample1@5e82df6a]" started-at="2023-08-03T21:11:29 IST" name="sample" finished-at="2023-08-03T21:11:29 IST" duration-ms="23" status="PASS">
          <reporter-output>
          </reporter-output>
        </test-method> <!-- sample -->
      </class> <!-- Sample.Sample1 -->
    </test> <!-- Default test -->
  </suite> <!-- Default suite -->
</testng-results>
